  HashTable.cpp
C:\Users\ADMIN\OneDrive\Máy tính\HashTable\HashTable\HashTable.cpp(51,11): warning C4244: 'initializing': conversion from 'double' to 'int', possible loss of data
C:\Users\ADMIN\OneDrive\Máy tính\HashTable\HashTable\HashTable.cpp(86,35): warning C4244: '=': conversion from '_Rep' to 'double', possible loss of data
          with
          [
              _Rep=__int64
          ]
C:\Users\ADMIN\OneDrive\Máy tính\HashTable\HashTable\HashTable.cpp(88,35): warning C4244: '=': conversion from '_Rep' to 'double', possible loss of data
          with
          [
              _Rep=__int64
          ]
C:\Users\ADMIN\OneDrive\Máy tính\HashTable\HashTable\HashTable.cpp(153,35): warning C4244: '=': conversion from '_Rep' to 'double', possible loss of data
          with
          [
              _Rep=__int64
          ]
C:\Users\ADMIN\OneDrive\Máy tính\HashTable\HashTable\HashTable.cpp(155,35): warning C4244: '=': conversion from '_Rep' to 'double', possible loss of data
          with
          [
              _Rep=__int64
          ]
C:\Users\ADMIN\OneDrive\Máy tính\HashTable\HashTable\HashTable.cpp(187,34): warning C4244: '+=': conversion from '_Rep' to 'int', possible loss of data
          with
          [
              _Rep=__int64
          ]
C:\Users\ADMIN\OneDrive\Máy tính\HashTable\HashTable\HashTable.cpp(189,35): warning C4244: '=': conversion from '_Rep' to 'int', possible loss of data
          with
          [
              _Rep=__int64
          ]
C:\Users\ADMIN\OneDrive\Máy tính\HashTable\HashTable\HashTable.cpp(191,35): warning C4244: '=': conversion from '_Rep' to 'int', possible loss of data
          with
          [
              _Rep=__int64
          ]
C:\Users\ADMIN\OneDrive\Máy tính\HashTable\HashTable\HashTable.cpp(227,35): warning C4244: '=': conversion from '_Rep' to 'double', possible loss of data
          with
          [
              _Rep=__int64
          ]
C:\Users\ADMIN\OneDrive\Máy tính\HashTable\HashTable\HashTable.cpp(229,35): warning C4244: '=': conversion from '_Rep' to 'double', possible loss of data
          with
          [
              _Rep=__int64
          ]
  HashTable.vcxproj -> C:\Users\ADMIN\OneDrive\Máy tính\HashTable\Debug\HashTable.exe
